[2024-09-08 13:48:04] info: 	z2m: Logging to console, file (filename: log.log)
[2024-09-08 13:48:04] info: 	z2m: Starting Zigbee2MQTT version 1.40.1 (commit #403d3c0)
[2024-09-08 13:48:04] info: 	z2m: Starting zigbee-herdsman (0.57.3)
[2024-09-08 13:48:05] info: 	zh:zstack:znp: Opening SerialPort with {"path":"/dev/ttyUSB0","baudRate":115200,"rtscts":false,"autoOpen":false}
[2024-09-08 13:48:05] info: 	zh:zstack:znp: Serialport opened
[2024-09-08 13:48:05] error: 	zh:adapter:zstack:manager: Configuration is not consistent with adapter state/backup!
[2024-09-08 13:48:05] error: 	zh:adapter:zstack:manager: - PAN ID: configured=24001, adapter=24001
[2024-09-08 13:48:05] error: 	zh:adapter:zstack:manager: - Extended PAN ID: configured=cee725ac18a7d7d4, adapter=cee725ac18a7d7d4
[2024-09-08 13:48:05] error: 	zh:adapter:zstack:manager: - Network Key: configured=229e4bee812c79df606f754cf03913ca, adapter=392da1c293d30244b2b0bbd605be6a5c
[2024-09-08 13:48:05] error: 	zh:adapter:zstack:manager: - Channel List: configured=11, adapter=11
[2024-09-08 13:48:05] error: 	zh:adapter:zstack:manager: Please update configuration to prevent further issues.
[2024-09-08 13:48:05] error: 	zh:adapter:zstack:manager: If you wish to re-commission your network, please remove coordinator backup at /data/coordinator_backup.json.
[2024-09-08 13:48:05] error: 	zh:adapter:zstack:manager: Re-commissioning your network will require re-pairing of all devices!
[2024-09-08 13:48:05] error: 	z2m: Error while starting zigbee-herdsman
[2024-09-08 13:48:05] error: 	z2m: Failed to start zigbee
[2024-09-08 13:48:05] error: 	z2m: Check https://www.zigbee2mqtt.io/guide/installation/20_zigbee2mqtt-fails-to-start.html for possible solutions
[2024-09-08 13:48:05] error: 	z2m: Exiting...
[2024-09-08 13:48:05] error: 	z2m: Error: startup failed - configuration-adapter mismatch - see logs above for more information
    at ZnpAdapterManager.determineStrategy (/app/node_modules/zigbee-herdsman/src/adapter/z-stack/adapter/manager.ts:246:35)
    at ZnpAdapterManager.start (/app/node_modules/zigbee-herdsman/src/adapter/z-stack/adapter/manager.ts:57:26)
    at Controller.start (/app/node_modules/zigbee-herdsman/src/controller/controller.ts:138:29)
    at Zigbee.start (/app/lib/zigbee.ts:64:27)
    at Controller.start (/app/lib/controller.ts:140:27)
    at start (/app/index.js:154:5)
